zsh: command not found: daily_update.ipynb
zsh: command not found: daily_update.ipynb
zsh: command not found: 0
2025-05-03 16:04:57,753 - ERROR - 数据库错误: 1054 (42S22): Unknown column 'position' in 'field list'
2025-05-03 16:04:57,755 - INFO - 数据库连接已关闭
2025-05-03 16:16:16,470 - ERROR - 数据库错误: 1054 (42S22): Unknown column 'position' in 'field list'
2025-05-03 16:16:16,470 - INFO - 数据库连接已关闭
2025-05-03 16:36:46,028 - ERROR - 数据库错误: 1045 (28000): Access denied for user 'your_user'@'localhost' (using password: YES)
2025-05-03 16:36:46,028 - ERROR - 数据库修复失败，退出程序
2025-05-03 16:38:38,233 - ERROR - 数据库错误: 1045 (28000): Access denied for user 'your_user'@'localhost' (using password: YES)
2025-05-03 16:38:38,233 - ERROR - 数据库修复失败，退出程序
2025-05-03 16:40:07,316 - ERROR - 数据库错误: 1045 (28000): Access denied for user 'your_user'@'localhost' (using password: YES)
2025-05-03 16:40:07,316 - ERROR - 数据库修复失败，退出程序
2025-05-03 16:41:20,882 - ERROR - 数据库错误: 1045 (28000): Access denied for user 'your_user'@'localhost' (using password: YES)
2025-05-03 16:41:20,882 - ERROR - 数据库修复失败，退出程序
2025-05-03 16:42:08,541 - ERROR - 数据库错误: 1045 (28000): Access denied for user 'your_user'@'localhost' (using password: YES)
2025-05-03 16:42:08,541 - ERROR - 数据库修复失败，退出程序
2025-05-03 16:42:34,082 - INFO - 当前表包含的列: ['employee_id', 'name', 'department', 'salary_level', 'actual_salary', 'turnover', 'satisfaction', 'evaluation', 'project_count', 'average_monthly_hours', 'years_at_company', 'hire_date', 'termination_date', 'work_accident', 'promotion', 'last_updated']
2025-05-03 16:43:01,458 - INFO - 当前表包含的列: ['employee_id', 'name', 'department', 'salary_level', 'actual_salary', 'turnover', 'satisfaction', 'evaluation', 'project_count', 'average_monthly_hours', 'years_at_company', 'hire_date', 'termination_date', 'work_accident', 'promotion', 'last_updated']
2025-05-03 17:18:18,493 - INFO - 当前表包含的列: ['employee_id', 'name', 'department', 'salary_level', 'actual_salary', 'turnover', 'satisfaction', 'evaluation', 'project_count', 'average_monthly_hours', 'years_at_company', 'hire_date', 'termination_date', 'work_accident', 'promotion', 'last_updated']
2025-05-03 17:18:24,412 - INFO - 当前表包含的列: ['employee_id', 'name', 'department', 'salary_level', 'actual_salary', 'turnover', 'satisfaction', 'evaluation', 'project_count', 'average_monthly_hours', 'years_at_company', 'hire_date', 'termination_date', 'work_accident', 'promotion', 'last_updated']
2025-05-06 12:49:56,317 - INFO - 当前表包含的列: ['employee_id', 'name', 'department', 'salary_level', 'actual_salary', 'turnover', 'satisfaction', 'evaluation', 'project_count', 'average_monthly_hours', 'years_at_company', 'hire_date', 'termination_date', 'work_accident', 'promotion', 'last_updated']
2025-05-06 12:50:36,442 - INFO - 当前表包含的列: ['employee_id', 'name', 'department', 'salary_level', 'actual_salary', 'turnover', 'satisfaction', 'evaluation', 'project_count', 'average_monthly_hours', 'years_at_company', 'hire_date', 'termination_date', 'work_accident', 'promotion', 'last_updated']
2025-05-06 12:52:14,253 - INFO - 当前表包含的列: ['employee_id', 'name', 'department', 'salary_level', 'actual_salary', 'turnover', 'satisfaction', 'evaluation', 'project_count', 'average_monthly_hours', 'years_at_company', 'hire_date', 'termination_date', 'work_accident', 'promotion', 'last_updated']
2025-05-06 12:53:27,917 - INFO - 当前表包含的列: ['employee_id', 'name', 'department', 'salary_level', 'actual_salary', 'turnover', 'satisfaction', 'evaluation', 'project_count', 'average_monthly_hours', 'years_at_company', 'hire_date', 'termination_date', 'work_accident', 'promotion', 'last_updated']
2025-05-06 12:57:26,556 - INFO - 当前表包含的列: ['employee_id', 'name', 'department', 'salary_level', 'actual_salary', 'turnover', 'satisfaction', 'evaluation', 'project_count', 'average_monthly_hours', 'years_at_company', 'hire_date', 'termination_date', 'work_accident', 'promotion', 'last_updated']
2025-05-06 13:03:38,902 - INFO - 当前表包含的列: ['employee_id', 'name', 'department', 'salary_level', 'actual_salary', 'turnover', 'satisfaction', 'evaluation', 'project_count', 'average_monthly_hours', 'years_at_company', 'hire_date', 'termination_date', 'work_accident', 'promotion', 'last_updated']
2025-05-06 13:03:48,633 - INFO - 当前表包含的列: ['employee_id', 'name', 'department', 'salary_level', 'actual_salary', 'turnover', 'satisfaction', 'evaluation', 'project_count', 'average_monthly_hours', 'years_at_company', 'hire_date', 'termination_date', 'work_accident', 'promotion', 'last_updated']
2025-05-06 13:05:47,062 - INFO - 当前表包含的列: ['employee_id', 'name', 'department', 'salary_level', 'actual_salary', 'turnover', 'satisfaction', 'evaluation', 'project_count', 'average_monthly_hours', 'years_at_company', 'hire_date', 'termination_date', 'work_accident', 'promotion', 'last_updated']
2025-05-07 11:26:40,218 - INFO - 当前表包含的列: ['employee_id', 'name', 'department', 'salary_level', 'actual_salary', 'turnover', 'satisfaction', 'evaluation', 'project_count', 'average_monthly_hours', 'years_at_company', 'hire_date', 'termination_date', 'work_accident', 'promotion', 'last_updated']
2025-05-07 11:28:06,379 - INFO - 当前表包含的列: ['employee_id', 'name', 'department', 'salary_level', 'actual_salary', 'turnover', 'satisfaction', 'evaluation', 'project_count', 'average_monthly_hours', 'years_at_company', 'hire_date', 'termination_date', 'work_accident', 'promotion', 'last_updated']
2025-05-07 11:30:59,374 - INFO - 当前表包含的列: ['employee_id', 'name', 'department', 'salary_level', 'actual_salary', 'turnover', 'satisfaction', 'evaluation', 'project_count', 'average_monthly_hours', 'years_at_company', 'hire_date', 'termination_date', 'work_accident', 'promotion', 'last_updated']
2025-05-08 17:19:39,051 - INFO - 当前表包含的列: ['employee_id', 'name', 'department', 'salary_level', 'actual_salary', 'turnover', 'satisfaction', 'evaluation', 'project_count', 'average_monthly_hours', 'years_at_company', 'hire_date', 'termination_date', 'work_accident', 'promotion', 'last_updated']
2025-05-08 18:25:13,030 - INFO - 当前表包含的列: ['employee_id', 'name', 'department', 'salary_level', 'actual_salary', 'turnover', 'satisfaction', 'evaluation', 'project_count', 'average_monthly_hours', 'years_at_company', 'hire_date', 'termination_date', 'work_accident', 'promotion', 'last_updated']
2025-05-08 18:26:26,108 - INFO - 当前表包含的列: ['employee_id', 'name', 'department', 'salary_level', 'actual_salary', 'turnover', 'satisfaction', 'evaluation', 'project_count', 'average_monthly_hours', 'years_at_company', 'hire_date', 'termination_date', 'work_accident', 'promotion', 'last_updated']
2025-05-08 18:27:29,952 - INFO - 当前表包含的列: ['employee_id', 'name', 'department', 'salary_level', 'actual_salary', 'turnover', 'satisfaction', 'evaluation', 'project_count', 'average_monthly_hours', 'years_at_company', 'hire_date', 'termination_date', 'work_accident', 'promotion', 'last_updated']
2025-05-08 18:28:18,293 - INFO - 当前表包含的列: ['employee_id', 'name', 'department', 'salary_level', 'actual_salary', 'turnover', 'satisfaction', 'evaluation', 'project_count', 'average_monthly_hours', 'years_at_company', 'hire_date', 'termination_date', 'work_accident', 'promotion', 'last_updated']
2025-05-08 18:34:29,665 - INFO - 当前表包含的列: ['employee_id', 'name', 'department', 'salary_level', 'actual_salary', 'turnover', 'satisfaction', 'evaluation', 'project_count', 'average_monthly_hours', 'years_at_company', 'hire_date', 'termination_date', 'work_accident', 'promotion', 'last_updated']
2025-05-10 11:26:41,467 - INFO - 当前表包含的列: ['employee_id', 'name', 'department', 'salary_level', 'actual_salary', 'turnover', 'satisfaction', 'evaluation', 'project_count', 'average_monthly_hours', 'years_at_company', 'hire_date', 'termination_date', 'work_accident', 'promotion', 'last_updated']
2025-05-10 11:27:46,709 - INFO - 当前表包含的列: ['employee_id', 'name', 'department', 'salary_level', 'actual_salary', 'turnover', 'satisfaction', 'evaluation', 'project_count', 'average_monthly_hours', 'years_at_company', 'hire_date', 'termination_date', 'work_accident', 'promotion', 'last_updated']
2025-05-10 11:28:01,290 - INFO - 当前表包含的列: ['employee_id', 'name', 'department', 'salary_level', 'actual_salary', 'turnover', 'satisfaction', 'evaluation', 'project_count', 'average_monthly_hours', 'years_at_company', 'hire_date', 'termination_date', 'work_accident', 'promotion', 'last_updated']
2025-05-10 11:33:03,161 - INFO - 当前表包含的列: ['employee_id', 'name', 'department', 'salary_level', 'actual_salary', 'turnover', 'satisfaction', 'evaluation', 'project_count', 'average_monthly_hours', 'years_at_company', 'hire_date', 'termination_date', 'work_accident', 'promotion', 'last_updated']
2025-05-10 11:38:50,443 - INFO - 当前表包含的列: ['employee_id', 'name', 'department', 'salary_level', 'actual_salary', 'turnover', 'satisfaction', 'evaluation', 'project_count', 'average_monthly_hours', 'years_at_company', 'hire_date', 'termination_date', 'work_accident', 'promotion', 'last_updated']
2025-05-10 11:44:30,445 - INFO - 开始执行数据更新和导入...
2025-05-10 11:44:30,461 - INFO - 当前表包含的列: ['employee_id', 'name', 'department', 'salary_level', 'actual_salary', 'turnover', 'satisfaction', 'evaluation', 'project_count', 'average_monthly_hours', 'years_at_company', 'hire_date', 'termination_date', 'work_accident', 'promotion', 'last_updated']
2025-05-10 11:44:30,461 - INFO - 开始生成更新的数据...
2025-05-10 11:44:30,461 - INFO - 使用现有文件作为基础: employee_data_initial.csv
2025-05-10 11:44:30,481 - INFO - 已生成新的数据文件: employee_data_20250510114430.csv
2025-05-10 11:44:30,481 - INFO - 开始将数据导入MySQL...
2025-05-10 11:44:30,536 - ERROR - 导入MySQL时出错: 1054 (42S22): Unknown column 'nan' in 'field list'
2025-05-10 11:44:30,536 - ERROR - 导入MySQL失败
2025-05-10 11:45:44,994 - INFO - 开始执行数据更新和导入...
2025-05-10 11:45:45,020 - INFO - 当前表包含的列: ['employee_id', 'name', 'department', 'salary_level', 'actual_salary', 'turnover', 'satisfaction', 'evaluation', 'project_count', 'average_monthly_hours', 'years_at_company', 'hire_date', 'termination_date', 'work_accident', 'promotion', 'last_updated']
2025-05-10 11:45:45,020 - INFO - 开始生成更新的数据...
2025-05-10 11:45:45,020 - INFO - 使用现有文件作为基础: employee_data_initial.csv
2025-05-10 11:45:45,042 - INFO - 已生成新的数据文件: employee_data_20250510114545.csv
2025-05-10 11:45:45,042 - INFO - 开始将数据导入MySQL...
2025-05-10 11:45:45,104 - INFO - 成功导入 500 条记录到MySQL
2025-05-10 11:45:45,104 - INFO - 数据已成功更新并导入MySQL
2025-05-10 11:45:52,917 - INFO - 开始执行数据更新和导入...
2025-05-10 11:45:52,931 - INFO - 当前表包含的列: ['employee_id', 'name', 'department', 'salary_level', 'actual_salary', 'turnover', 'satisfaction', 'evaluation', 'project_count', 'average_monthly_hours', 'years_at_company', 'hire_date', 'termination_date', 'work_accident', 'promotion', 'last_updated']
2025-05-10 11:45:52,931 - INFO - 开始生成更新的数据...
2025-05-10 11:45:52,931 - INFO - 使用现有文件作为基础: employee_data_initial.csv
2025-05-10 11:45:52,950 - INFO - 已生成新的数据文件: employee_data_20250510114552.csv
2025-05-10 11:45:52,950 - INFO - 开始将数据导入MySQL...
2025-05-10 11:45:53,007 - INFO - 成功导入 500 条记录到MySQL
2025-05-10 11:45:53,008 - INFO - 数据已成功更新并导入MySQL
2025-05-10 11:52:06,284 - INFO - 开始执行数据更新和导入...
2025-05-10 11:52:06,301 - INFO - 当前表包含的列: ['employee_id', 'name', 'department', 'salary_level', 'actual_salary', 'turnover', 'satisfaction', 'evaluation', 'project_count', 'average_monthly_hours', 'years_at_company', 'hire_date', 'termination_date', 'work_accident', 'promotion', 'last_updated']
2025-05-10 11:52:06,302 - INFO - 开始生成更新的数据...
2025-05-10 11:52:06,302 - INFO - 使用现有文件作为基础: employee_data_initial.csv
2025-05-10 11:52:06,321 - INFO - 已生成新的数据文件: employee_data_20250510115206.csv
2025-05-10 11:52:06,321 - INFO - 开始将数据导入MySQL...
2025-05-10 11:52:06,885 - INFO - 成功导入 0 条记录到MySQL
2025-05-10 11:52:06,886 - ERROR - 导入MySQL时出错: Unread result found
2025-05-10 11:52:06,887 - ERROR - 导入MySQL失败
2025-05-10 11:52:44,196 - INFO - 开始执行数据更新和导入...
2025-05-10 11:52:44,213 - INFO - 当前表包含的列: ['employee_id', 'name', 'department', 'salary_level', 'actual_salary', 'turnover', 'satisfaction', 'evaluation', 'project_count', 'average_monthly_hours', 'years_at_company', 'hire_date', 'termination_date', 'work_accident', 'promotion', 'last_updated']
2025-05-10 11:52:44,213 - INFO - 开始生成更新的数据...
2025-05-10 11:52:44,213 - INFO - 使用现有文件作为基础: employee_data_initial.csv
2025-05-10 11:52:44,230 - INFO - 已生成新的数据文件: employee_data_20250510115244.csv
2025-05-10 11:52:44,230 - INFO - 开始将数据导入MySQL...
2025-05-10 11:52:44,289 - INFO - 成功导入 500 条记录到MySQL
2025-05-10 11:52:44,289 - INFO - 数据已成功更新并导入MySQL
2025-05-10 11:56:05,223 - INFO - 开始执行数据更新和导入...
2025-05-10 11:56:05,237 - INFO - 当前表包含的列: ['employee_id', 'name', 'department', 'salary_level', 'actual_salary', 'turnover', 'satisfaction', 'evaluation', 'project_count', 'average_monthly_hours', 'years_at_company', 'hire_date', 'termination_date', 'work_accident', 'promotion', 'last_updated']
2025-05-10 11:56:05,237 - INFO - 开始生成更新的数据...
2025-05-10 11:56:05,237 - INFO - 使用现有文件作为基础: employee_data_initial.csv
2025-05-10 11:56:05,304 - INFO - 已生成新的数据文件: employee_data_20250510115605.csv
2025-05-10 11:56:05,304 - INFO - 开始将数据导入MySQL...
2025-05-10 11:56:05,361 - INFO - 成功导入 500 条记录到MySQL
2025-05-10 11:56:05,361 - INFO - 数据已成功更新并导入MySQL - 请在VSCode中手动刷新数据库视图以查看更改
